2022-11-18 17:33:36,896
[ INFO ]
[md_analysis.py -> print_time() -> line 88]
Function "read_atoms_and_connectivity_from_itp"
 Total time --> 0h : 0' : 0" : 0.010"'
 --------
2022-11-18 17:33:36,940
[ WARNING ]
[md_analysis.py -> read_connectivity_from_itp() -> line 1217]
Warning: File ../itp/alu_to.itp probably contains no bonds
 Excepted ValueError : zero-size array to reduction operation minimum which has no identity
 --------
2022-11-18 17:33:36,948
[ INFO ]
[md_analysis.py -> print_time() -> line 88]
Function "read_atoms_and_connectivity_from_itp"
 Total time --> 0h : 0' : 0" : 0.045"'
 --------
2022-11-18 17:33:37,348
[ INFO ]
[md_analysis.py -> print_time() -> line 88]
Function "analysis_initialization"
 Total time --> 0h : 0' : 0" : 0.331"'
 --------
2022-11-18 17:33:37,364
[ INFO ]
[md_analysis.py -> find_particle_filt() -> line 1772]
Number of particle atoms:  9720
 --------
2022-11-18 17:33:37,372
[ INFO ]
[md_analysis.py -> find_pol_filt() -> line 1781]
Number of adsorbent atoms: 24000
 --------
2022-11-18 17:33:37,629
[ INFO ]
[md_analysis.py -> print_time() -> line 88]
Function "confined_system_initialization"
 Total time --> 0h : 0' : 0" : 0.274"'
 --------
2022-11-18 17:33:37,859
[ INFO ]
[md_analysis.py -> print_time() -> line 88]
Function "read_trr_file"
 Time/frame --> 0h : 0' : 0" : 0.006"'
 Total time --> 0h : 0' : 0" : 0.214"'
 --------
2022-11-18 17:33:41,709
[ INFO ]
[md_analysis.py -> print_time() -> line 88]
Function "calc_dihedral_distribution"
 Time/frame --> 0h : 0' : 0" : 0.110"'
 Total time --> 0h : 0' : 3" : 0.841"'
 --------
2022-11-18 17:33:59,381
[ INFO ]
[md_analysis.py -> print_time() -> line 88]
Function "read_atoms_and_connectivity_from_itp"
 Total time --> 0h : 0' : 0" : 0.010"'
 --------
2022-11-18 17:33:59,422
[ WARNING ]
[md_analysis.py -> read_connectivity_from_itp() -> line 1217]
Warning: File ../itp/alu_to.itp probably contains no bonds
 Excepted ValueError : zero-size array to reduction operation minimum which has no identity
 --------
2022-11-18 17:33:59,430
[ INFO ]
[md_analysis.py -> print_time() -> line 88]
Function "read_atoms_and_connectivity_from_itp"
 Total time --> 0h : 0' : 0" : 0.042"'
 --------
2022-11-18 17:33:59,822
[ INFO ]
[md_analysis.py -> print_time() -> line 88]
Function "analysis_initialization"
 Total time --> 0h : 0' : 0" : 0.323"'
 --------
2022-11-18 17:33:59,831
[ INFO ]
[md_analysis.py -> find_particle_filt() -> line 1772]
Number of particle atoms:  9720
 --------
2022-11-18 17:33:59,838
[ INFO ]
[md_analysis.py -> find_pol_filt() -> line 1781]
Number of adsorbent atoms: 24000
 --------
2022-11-18 17:34:00,081
[ INFO ]
[md_analysis.py -> print_time() -> line 88]
Function "confined_system_initialization"
 Total time --> 0h : 0' : 0" : 0.251"'
 --------
2022-11-18 17:34:00,326
[ INFO ]
[md_analysis.py -> print_time() -> line 88]
Function "read_trr_file"
 Time/frame --> 0h : 0' : 0" : 0.007"'
 Total time --> 0h : 0' : 0" : 0.238"'
 --------
2022-11-18 17:34:02,300
[ INFO ]
[md_analysis.py -> print_time() -> line 88]
Function "calc_density_profile"
 Time/frame --> 0h : 0' : 0" : 0.056"'
 Total time --> 0h : 0' : 1" : 0.965"'
 --------
2022-11-18 17:34:08,386
[ INFO ]
[md_analysis.py -> print_time() -> line 88]
Function "read_atoms_and_connectivity_from_itp"
 Total time --> 0h : 0' : 0" : 0.008"'
 --------
2022-11-18 17:34:08,428
[ WARNING ]
[md_analysis.py -> read_connectivity_from_itp() -> line 1217]
Warning: File ../itp/alu_to.itp probably contains no bonds
 Excepted ValueError : zero-size array to reduction operation minimum which has no identity
 --------
2022-11-18 17:34:08,436
[ INFO ]
[md_analysis.py -> print_time() -> line 88]
Function "read_atoms_and_connectivity_from_itp"
 Total time --> 0h : 0' : 0" : 0.042"'
 --------
2022-11-18 17:34:08,816
[ INFO ]
[md_analysis.py -> print_time() -> line 88]
Function "analysis_initialization"
 Total time --> 0h : 0' : 0" : 0.314"'
 --------
2022-11-18 17:34:08,825
[ INFO ]
[md_analysis.py -> find_particle_filt() -> line 1772]
Number of particle atoms:  9720
 --------
2022-11-18 17:34:08,833
[ INFO ]
[md_analysis.py -> find_pol_filt() -> line 1781]
Number of adsorbent atoms: 24000
 --------
2022-11-18 17:34:09,067
[ INFO ]
[md_analysis.py -> print_time() -> line 88]
Function "confined_system_initialization"
 Total time --> 0h : 0' : 0" : 0.243"'
 --------
2022-11-18 17:34:09,320
[ INFO ]
[md_analysis.py -> print_time() -> line 88]
Function "read_trr_file"
 Time/frame --> 0h : 0' : 0" : 0.007"'
 Total time --> 0h : 0' : 0" : 0.244"'
 --------
2022-11-18 17:34:11,277
[ INFO ]
[md_analysis.py -> print_time() -> line 88]
Function "calc_density_profile"
 Time/frame --> 0h : 0' : 0" : 0.056"'
 Total time --> 0h : 0' : 1" : 0.950"'
 --------
2022-11-18 17:34:12,266
[ INFO ]
[md_analysis.py -> print_time() -> line 88]
Function "calc_density_profile"
 Time/frame --> 0h : 0' : 0" : 0.028"'
 Total time --> 0h : 0' : 0" : 0.979"'
 --------
2022-11-18 17:34:42,728
[ INFO ]
[md_analysis.py -> print_time() -> line 88]
Function "read_atoms_and_connectivity_from_itp"
 Total time --> 0h : 0' : 0" : 0.008"'
 --------
2022-11-18 17:34:42,770
[ WARNING ]
[md_analysis.py -> read_connectivity_from_itp() -> line 1217]
Warning: File ../itp/alu_to.itp probably contains no bonds
 Excepted ValueError : zero-size array to reduction operation minimum which has no identity
 --------
2022-11-18 17:34:42,779
[ INFO ]
[md_analysis.py -> print_time() -> line 88]
Function "read_atoms_and_connectivity_from_itp"
 Total time --> 0h : 0' : 0" : 0.043"'
 --------
2022-11-18 17:34:43,271
[ INFO ]
[md_analysis.py -> print_time() -> line 88]
Function "analysis_initialization"
 Total time --> 0h : 0' : 0" : 0.424"'
 --------
2022-11-18 17:34:43,279
[ INFO ]
[md_analysis.py -> find_particle_filt() -> line 1772]
Number of particle atoms:  9720
 --------
2022-11-18 17:34:43,288
[ INFO ]
[md_analysis.py -> find_pol_filt() -> line 1781]
Number of adsorbent atoms: 24000
 --------
2022-11-18 17:34:43,527
[ INFO ]
[md_analysis.py -> print_time() -> line 88]
Function "confined_system_initialization"
 Total time --> 0h : 0' : 0" : 0.248"'
 --------
2022-11-18 17:34:43,751
[ INFO ]
[md_analysis.py -> print_time() -> line 88]
Function "read_trr_file"
 Time/frame --> 0h : 0' : 0" : 0.006"'
 Total time --> 0h : 0' : 0" : 0.217"'
 --------
2022-11-18 17:34:45,701
[ INFO ]
[md_analysis.py -> print_time() -> line 88]
Function "calc_density_profile"
 Time/frame --> 0h : 0' : 0" : 0.055"'
 Total time --> 0h : 0' : 1" : 0.941"'
 --------
2022-11-18 17:34:46,693
[ INFO ]
[md_analysis.py -> print_time() -> line 88]
Function "calc_density_profile"
 Time/frame --> 0h : 0' : 0" : 0.028"'
 Total time --> 0h : 0' : 0" : 0.984"'
 --------
2022-11-18 17:35:36,303
[ INFO ]
[md_analysis.py -> print_time() -> line 88]
Function "read_atoms_and_connectivity_from_itp"
 Total time --> 0h : 0' : 0" : 0.008"'
 --------
2022-11-18 17:35:36,346
[ WARNING ]
[md_analysis.py -> read_connectivity_from_itp() -> line 1217]
Warning: File ../itp/alu_to.itp probably contains no bonds
 Excepted ValueError : zero-size array to reduction operation minimum which has no identity
 --------
2022-11-18 17:35:36,354
[ INFO ]
[md_analysis.py -> print_time() -> line 88]
Function "read_atoms_and_connectivity_from_itp"
 Total time --> 0h : 0' : 0" : 0.043"'
 --------
2022-11-18 17:35:36,740
[ INFO ]
[md_analysis.py -> print_time() -> line 88]
Function "analysis_initialization"
 Total time --> 0h : 0' : 0" : 0.316"'
 --------
2022-11-18 17:35:36,749
[ INFO ]
[md_analysis.py -> find_particle_filt() -> line 1772]
Number of particle atoms:  9720
 --------
2022-11-18 17:35:36,757
[ INFO ]
[md_analysis.py -> find_pol_filt() -> line 1781]
Number of adsorbent atoms: 24000
 --------
2022-11-18 17:35:36,992
[ INFO ]
[md_analysis.py -> print_time() -> line 88]
Function "confined_system_initialization"
 Total time --> 0h : 0' : 0" : 0.244"'
 --------
2022-11-18 17:35:37,240
[ INFO ]
[md_analysis.py -> print_time() -> line 88]
Function "read_trr_file"
 Time/frame --> 0h : 0' : 0" : 0.007"'
 Total time --> 0h : 0' : 0" : 0.239"'
 --------
2022-11-18 17:35:38,929
[ INFO ]
[md_analysis.py -> calc_conformation_density() -> line 2274]
adschains = 48.000
 --------
2022-11-18 17:35:38,937
[ INFO ]
[md_analysis.py -> calc_conformation_density() -> line 2274]
train = 2714.714
 --------
2022-11-18 17:35:38,944
[ INFO ]
[md_analysis.py -> calc_conformation_density() -> line 2274]
looptailbridge = 3045.286
 --------
2022-11-18 17:35:38,952
[ INFO ]
[md_analysis.py -> calc_conformation_density() -> line 2274]
tail = 2723.714
 --------
2022-11-18 17:35:38,959
[ INFO ]
[md_analysis.py -> calc_conformation_density() -> line 2274]
loop = 321.571
 --------
2022-11-18 17:35:38,967
[ INFO ]
[md_analysis.py -> calc_conformation_density() -> line 2274]
bridge = 0.000
 --------
2022-11-18 17:35:38,975
[ INFO ]
[md_analysis.py -> calc_conformation_density() -> line 2274]
train_perc = 0.113
 --------
2022-11-18 17:35:38,982
[ INFO ]
[md_analysis.py -> calc_conformation_density() -> line 2274]
looptailbridge_perc = 0.127
 --------
2022-11-18 17:35:38,990
[ INFO ]
[md_analysis.py -> calc_conformation_density() -> line 2274]
tail_perc = 0.113
 --------
2022-11-18 17:35:38,997
[ INFO ]
[md_analysis.py -> calc_conformation_density() -> line 2274]
loop_perc = 0.013
 --------
2022-11-18 17:35:39,004
[ INFO ]
[md_analysis.py -> calc_conformation_density() -> line 2274]
bridge_perc = 0.000
 --------
2022-11-18 17:35:39,011
[ INFO ]
[md_analysis.py -> calc_conformation_density() -> line 2274]
adschains_perc = 0.240
 --------
2022-11-18 17:35:39,019
[ INFO ]
[md_analysis.py -> print_time() -> line 88]
Function "calc_conformation_density"
 Time/frame --> 0h : 0' : 0" : 0.051"'
 Total time --> 0h : 0' : 1" : 0.770"'
 --------
2022-11-18 17:35:40,535
[ INFO ]
[md_analysis.py -> print_time() -> line 88]
Function "calc_density_profile"
 Time/frame --> 0h : 0' : 0" : 0.043"'
 Total time --> 0h : 0' : 1" : 0.508"'
 --------
2022-11-18 17:35:41,544
[ INFO ]
[md_analysis.py -> print_time() -> line 88]
Function "calc_density_profile"
 Time/frame --> 0h : 0' : 0" : 0.029"'
 Total time --> 0h : 0' : 1" : 0.001"'
 --------
2022-11-18 17:41:59,596
[ INFO ]
[md_analysis.py -> print_time() -> line 88]
Function "read_atoms_and_connectivity_from_itp"
 Total time --> 0h : 0' : 0" : 0.009"'
 --------
2022-11-18 17:41:59,640
[ WARNING ]
[md_analysis.py -> read_connectivity_from_itp() -> line 1217]
Warning: File ../itp/alu_to.itp probably contains no bonds
 Excepted ValueError : zero-size array to reduction operation minimum which has no identity
 --------
2022-11-18 17:41:59,649
[ INFO ]
[md_analysis.py -> print_time() -> line 88]
Function "read_atoms_and_connectivity_from_itp"
 Total time --> 0h : 0' : 0" : 0.043"'
 --------
2022-11-18 17:42:00,032
[ INFO ]
[md_analysis.py -> print_time() -> line 88]
Function "analysis_initialization"
 Total time --> 0h : 0' : 0" : 0.314"'
 --------
2022-11-18 17:42:00,042
[ INFO ]
[md_analysis.py -> find_particle_filt() -> line 1772]
Number of particle atoms:  9720
 --------
2022-11-18 17:42:00,050
[ INFO ]
[md_analysis.py -> find_pol_filt() -> line 1781]
Number of adsorbent atoms: 24000
 --------
2022-11-18 17:42:00,290
[ INFO ]
[md_analysis.py -> print_time() -> line 88]
Function "confined_system_initialization"
 Total time --> 0h : 0' : 0" : 0.248"'
 --------
2022-11-18 17:42:35,059
[ INFO ]
[md_analysis.py -> print_time() -> line 88]
Function "read_atoms_and_connectivity_from_itp"
 Total time --> 0h : 0' : 0" : 0.008"'
 --------
2022-11-18 17:42:35,104
[ WARNING ]
[md_analysis.py -> read_connectivity_from_itp() -> line 1217]
Warning: File ../itp/alu_to.itp probably contains no bonds
 Excepted ValueError : zero-size array to reduction operation minimum which has no identity
 --------
2022-11-18 17:42:35,114
[ INFO ]
[md_analysis.py -> print_time() -> line 88]
Function "read_atoms_and_connectivity_from_itp"
 Total time --> 0h : 0' : 0" : 0.045"'
 --------
2022-11-18 17:42:35,637
[ INFO ]
[md_analysis.py -> print_time() -> line 88]
Function "analysis_initialization"
 Total time --> 0h : 0' : 0" : 0.452"'
 --------
2022-11-18 17:42:35,647
[ INFO ]
[md_analysis.py -> find_particle_filt() -> line 1772]
Number of particle atoms:  9720
 --------
2022-11-18 17:42:35,657
[ INFO ]
[md_analysis.py -> find_pol_filt() -> line 1781]
Number of adsorbent atoms: 24000
 --------
2022-11-18 17:42:35,901
[ INFO ]
[md_analysis.py -> print_time() -> line 88]
Function "confined_system_initialization"
 Total time --> 0h : 0' : 0" : 0.255"'
 --------
2022-11-18 17:42:48,729
[ INFO ]
[md_analysis.py -> print_time() -> line 88]
Function "read_atoms_and_connectivity_from_itp"
 Total time --> 0h : 0' : 0" : 0.008"'
 --------
2022-11-18 17:42:48,773
[ WARNING ]
[md_analysis.py -> read_connectivity_from_itp() -> line 1217]
Warning: File ../itp/alu_to.itp probably contains no bonds
 Excepted ValueError : zero-size array to reduction operation minimum which has no identity
 --------
2022-11-18 17:42:48,784
[ INFO ]
[md_analysis.py -> print_time() -> line 88]
Function "read_atoms_and_connectivity_from_itp"
 Total time --> 0h : 0' : 0" : 0.045"'
 --------
2022-11-18 17:42:49,184
[ INFO ]
[md_analysis.py -> print_time() -> line 88]
Function "analysis_initialization"
 Total time --> 0h : 0' : 0" : 0.326"'
 --------
2022-11-18 17:42:49,195
[ INFO ]
[md_analysis.py -> find_particle_filt() -> line 1772]
Number of particle atoms:  9720
 --------
2022-11-18 17:42:49,204
[ INFO ]
[md_analysis.py -> find_pol_filt() -> line 1781]
Number of adsorbent atoms: 24000
 --------
2022-11-18 17:42:49,445
[ INFO ]
[md_analysis.py -> print_time() -> line 88]
Function "confined_system_initialization"
 Total time --> 0h : 0' : 0" : 0.251"'
 --------
2022-11-18 17:42:49,733
[ INFO ]
[md_analysis.py -> print_time() -> line 88]
Function "read_trr_file"
 Time/frame --> 0h : 0' : 0" : 0.008"'
 Total time --> 0h : 0' : 0" : 0.278"'
 --------
2022-11-18 17:42:49,742
[ INFO ]
[md_analysis.py -> print_time() -> line 88]
Function "box_mean"
 Total time --> 0h : 0' : 0" : 0.000"'
 --------
2022-11-18 17:42:49,769
[ INFO ]
[md_analysis.py -> print_time() -> line 88]
Function "calc_particle_size"
 Time/frame --> 0h : 0' : 0" : 0.000"'
 Total time --> 0h : 0' : 0" : 0.017"'
 --------
2022-11-18 17:43:08,337
[ INFO ]
[md_analysis.py -> print_time() -> line 88]
Function "read_atoms_and_connectivity_from_itp"
 Total time --> 0h : 0' : 0" : 0.008"'
 --------
2022-11-18 17:43:08,382
[ WARNING ]
[md_analysis.py -> read_connectivity_from_itp() -> line 1217]
Warning: File ../itp/alu_to.itp probably contains no bonds
 Excepted ValueError : zero-size array to reduction operation minimum which has no identity
 --------
2022-11-18 17:43:08,392
[ INFO ]
[md_analysis.py -> print_time() -> line 88]
Function "read_atoms_and_connectivity_from_itp"
 Total time --> 0h : 0' : 0" : 0.045"'
 --------
2022-11-18 17:43:08,766
[ INFO ]
[md_analysis.py -> print_time() -> line 88]
Function "analysis_initialization"
 Total time --> 0h : 0' : 0" : 0.302"'
 --------
2022-11-18 17:43:08,776
[ INFO ]
[md_analysis.py -> find_particle_filt() -> line 1772]
Number of particle atoms:  9720
 --------
2022-11-18 17:43:08,786
[ INFO ]
[md_analysis.py -> find_pol_filt() -> line 1781]
Number of adsorbent atoms: 24000
 --------
2022-11-18 17:43:09,028
[ INFO ]
[md_analysis.py -> print_time() -> line 88]
Function "confined_system_initialization"
 Total time --> 0h : 0' : 0" : 0.252"'
 --------
2022-11-18 17:43:09,268
[ INFO ]
[md_analysis.py -> print_time() -> line 88]
Function "read_trr_file"
 Time/frame --> 0h : 0' : 0" : 0.007"'
 Total time --> 0h : 0' : 0" : 0.230"'
 --------
2022-11-18 17:43:09,278
[ INFO ]
[md_analysis.py -> print_time() -> line 88]
Function "box_mean"
 Total time --> 0h : 0' : 0" : 0.000"'
 --------
2022-11-18 17:43:09,305
[ INFO ]
[md_analysis.py -> print_time() -> line 88]
Function "calc_particle_size"
 Time/frame --> 0h : 0' : 0" : 0.000"'
 Total time --> 0h : 0' : 0" : 0.017"'
 --------
2022-11-18 17:43:10,680
[ INFO ]
[md_analysis.py -> calc_conformation_density() -> line 2274]
adschains = 48.000
 --------
2022-11-18 17:43:10,690
[ INFO ]
[md_analysis.py -> calc_conformation_density() -> line 2274]
train = 2800.343
 --------
2022-11-18 17:43:10,699
[ INFO ]
[md_analysis.py -> calc_conformation_density() -> line 2274]
looptailbridge = 2959.657
 --------
2022-11-18 17:43:10,708
[ INFO ]
[md_analysis.py -> calc_conformation_density() -> line 2274]
tail = 2707.229
 --------
2022-11-18 17:43:10,717
[ INFO ]
[md_analysis.py -> calc_conformation_density() -> line 2274]
loop = 252.429
 --------
2022-11-18 17:43:10,725
[ INFO ]
[md_analysis.py -> calc_conformation_density() -> line 2274]
bridge = 0.000
 --------
2022-11-18 17:43:10,734
[ INFO ]
[md_analysis.py -> calc_conformation_density() -> line 2274]
train_perc = 0.117
 --------
2022-11-18 17:43:10,744
[ INFO ]
[md_analysis.py -> calc_conformation_density() -> line 2274]
looptailbridge_perc = 0.123
 --------
2022-11-18 17:43:10,753
[ INFO ]
[md_analysis.py -> calc_conformation_density() -> line 2274]
tail_perc = 0.113
 --------
2022-11-18 17:43:10,762
[ INFO ]
[md_analysis.py -> calc_conformation_density() -> line 2274]
loop_perc = 0.011
 --------
2022-11-18 17:43:10,771
[ INFO ]
[md_analysis.py -> calc_conformation_density() -> line 2274]
bridge_perc = 0.000
 --------
2022-11-18 17:43:10,779
[ INFO ]
[md_analysis.py -> calc_conformation_density() -> line 2274]
adschains_perc = 0.240
 --------
2022-11-18 17:43:10,789
[ INFO ]
[md_analysis.py -> print_time() -> line 88]
Function "calc_conformation_density"
 Time/frame --> 0h : 0' : 0" : 0.042"'
 Total time --> 0h : 0' : 1" : 0.466"'
 --------
2022-11-18 17:43:11,354
[ INFO ]
[md_analysis.py -> print_time() -> line 88]
Function "calc_conformations_t"
 Time/frame --> 0h : 0' : 0" : 0.016"'
 Total time --> 0h : 0' : 0" : 0.556"'
 --------
2022-11-18 17:43:12,290
[ INFO ]
[md_analysis.py -> print_time() -> line 88]
Function "box_mean"
 Total time --> 0h : 0' : 0" : 0.000"'
 --------
2022-11-18 17:43:13,663
[ INFO ]
[md_analysis.py -> print_time() -> line 88]
Function "calc_density_profile"
 Time/frame --> 0h : 0' : 0" : 0.021"'
 Total time --> 0h : 0' : 0" : 0.725"'
 --------
2022-11-18 17:43:15,971
[ INFO ]
[md_analysis.py -> print_time() -> line 88]
Function "calc_density_profile"
 Time/frame --> 0h : 0' : 0" : 0.014"'
 Total time --> 0h : 0' : 0" : 0.496"'
 --------
2022-11-18 17:43:19,785
[ INFO ]
[md_analysis.py -> print_time() -> line 88]
Function "calc_chain_characteristics"
 Time/frame --> 0h : 0' : 0" : 0.088"'
 Total time --> 0h : 0' : 3" : 0.079"'
 --------
